2026-01-05T03:39:07+00:00 CRITICAL Uncaught Error: Class "Elementor\Modules\AtomicWidgets\OptIn\Opt_In" not found in /home/wplive/web/wp-live/wp-content/plugins/elementor/modules/atomic-opt-in/module.php:41
Stack trace:
#0 /home/wplive/web/wp-live/wp-content/plugins/elementor/core/base/module.php(86): Elementor\Modules\AtomicOptIn\Module->__construct()
#1 /home/wplive/web/wp-live/wp-content/plugins/elementor/core/modules-manager.php(64): Elementor\Core\Base\Module::instance()
#2 /home/wplive/web/wp-live/wp-content/plugins/elementor/includes/plugin.php(703): Elementor\Core\Modules_Manager->__construct()
#3 /home/wplive/web/wp-live/wp-content/plugins/elementor/includes/plugin.php(621): Elementor\Plugin->init_components()
#4 /home/wplive/web/wp-live/wp-includes/class-wp-hook.php(341): Elementor\Plugin->init('')
#5 /home/wplive/web/wp-live/wp-includes/class-wp-hook.php(365): WP_Hook->apply_filters(NULL, Array)
#6 /home/wplive/web/wp-live/wp-includes/plugin.php(522): WP_Hook->do_action(Array)
#7 /home/wplive/web/wp-live/wp-settings.php(742): do_action('init')
#8 /home/wplive/web/wp-live/wp-config.php(111): require_once('/home/wplive/we...')
#9 /home/wplive/web/wp-live/wp-load.php(50): require_once('/home/wplive/we...')
#10 /home/wplive/web/wp-live/wp-cron.php(46): require_once('/home/wplive/we...')
#11 {main}
  thrown in /home/wplive/web/wp-live/wp-content/plugins/elementor/modules/atomic-opt-in/module.php on line 41

2026-01-05T03:39:07+00:00 CRITICAL Uncaught Error: Class "Elementor\Modules\AtomicWidgets\OptIn\Opt_In" not found in /home/wplive/web/wp-live/wp-content/plugins/elementor/modules/atomic-opt-in/module.php:41
Stack trace:
#0 /home/wplive/web/wp-live/wp-content/plugins/elementor/core/base/module.php(86): Elementor\Modules\AtomicOptIn\Module->__construct()
#1 /home/wplive/web/wp-live/wp-content/plugins/elementor/core/modules-manager.php(64): Elementor\Core\Base\Module::instance()
#2 /home/wplive/web/wp-live/wp-content/plugins/elementor/includes/plugin.php(703): Elementor\Core\Modules_Manager->__construct()
#3 /home/wplive/web/wp-live/wp-content/plugins/elementor/includes/plugin.php(621): Elementor\Plugin->init_components()
#4 /home/wplive/web/wp-live/wp-includes/class-wp-hook.php(341): Elementor\Plugin->init('')
#5 /home/wplive/web/wp-live/wp-includes/class-wp-hook.php(365): WP_Hook->apply_filters(NULL, Array)
#6 /home/wplive/web/wp-live/wp-includes/plugin.php(522): WP_Hook->do_action(Array)
#7 /home/wplive/web/wp-live/wp-settings.php(742): do_action('init')
#8 /home/wplive/web/wp-live/wp-config.php(111): require_once('/home/wplive/we...')
#9 /home/wplive/web/wp-live/wp-load.php(50): require_once('/home/wplive/we...')
#10 /home/wplive/web/wp-live/wp-blog-header.php(13): require_once('/home/wplive/we...')
#11 /home/wplive/web/wp-live/index.php(17): require('/home/wplive/we...')
#12 {main}
  thrown in /home/wplive/web/wp-live/wp-content/plugins/elementor/modules/atomic-opt-in/module.php on line 41

